# JRE version: OpenJDK Runtime Environment Microsoft-13877129 (17.0.19+10) (build 17.0.19+10-LTS)
# Java VM: OpenJDK 64-Bit Server VM Microsoft-13877129 (17.0.19+10-LTS, mixed mode, sharing, tiered, compressed oops, compressed class ptrs, g1 gc, windows-amd64)
GC Precious Log:
 CPUs: 8 total, 8 available
 Memory: 8070M
 Large Page Support: Disabled
 NUMA Support: Disabled
 Compressed Oops: Enabled (32-bit)
 Heap Region Size: 1M
 Heap Min Capacity: 8M
 Heap Initial Capacity: 128M
 Heap Max Capacity: 2018M
 Pre-touch: Disabled
 Parallel Workers: 8
 Concurrent Workers: 2
 Concurrent Refinement Workers: 8
 Periodic GC: Disabled
Heap:
 garbage-first heap   total 55296K, used 37137K [0x0000000081e00000, 0x0000000100000000)
  region size 1024K, 19 young (19456K), 2 survivors (2048K)
 Metaspace       used 26837K, committed 27136K, reserved 1114112K
  class space    used 3128K, committed 3264K, reserved 1048576K
GC Heap History (20 events):
Event: 2.703 GC heap before
{Heap before GC invocations=0 (full 0):
 garbage-first heap   total 131072K, used 22528K [0x0000000081e00000, 0x0000000100000000)
  region size 1024K, 23 young (23552K), 0 survivors (0K)
 Metaspace       used 4742K, committed 4928K, reserved 1114112K
  class space    used 564K, committed 640K, reserved 1048576K
}
Event: 2.711 GC heap after
{Heap after GC invocations=1 (full 0):
 garbage-first heap   total 131072K, used 3361K [0x0000000081e00000, 0x0000000100000000)
  region size 1024K, 3 young (3072K), 3 survivors (3072K)
 Metaspace       used 4742K, committed 4928K, reserved 1114112K
  class space    used 564K, committed 640K, reserved 1048576K
}
Event: 3.210 GC heap before
{Heap before GC invocations=1 (full 0):
 garbage-first heap   total 131072K, used 36129K [0x0000000081e00000, 0x0000000100000000)
  region size 1024K, 35 young (35840K), 3 survivors (3072K)
 Metaspace       used 7262K, committed 7424K, reserved 1114112K
  class space    used 880K, committed 960K, reserved 1048576K
}
Event: 3.213 GC heap after
{Heap after GC invocations=2 (full 0):
 garbage-first heap   total 131072K, used 4607K [0x0000000081e00000, 0x0000000100000000)
  region size 1024K, 2 young (2048K), 2 survivors (2048K)
 Metaspace       used 7262K, committed 7424K, reserved 1114112K
  class space    used 880K, committed 960K, reserved 1048576K
}
Event: 4.757 GC heap before
{Heap before GC invocations=2 (full 0):
 garbage-first heap   total 131072K, used 80383K [0x0000000081e00000, 0x0000000100000000)
  region size 1024K, 76 young (77824K), 2 survivors (2048K)
 Metaspace       used 17421K, committed 17664K, reserved 1114112K
  class space    used 2087K, committed 2240K, reserved 1048576K
}
Event: 4.772 GC heap after
{Heap after GC invocations=3 (full 0):
 garbage-first heap   total 131072K, used 12277K [0x0000000081e00000, 0x0000000100000000)
  region size 1024K, 9 young (9216K), 9 survivors (9216K)
 Metaspace       used 17421K, committed 17664K, reserved 1114112K
  class space    used 2087K, committed 2240K, reserved 1048576K
}
Event: 6.162 GC heap before
{Heap before GC invocations=3 (full 0):
 garbage-first heap   total 131072K, used 25589K [0x0000000081e00000, 0x0000000100000000)
  region size 1024K, 23 young (23552K), 9 survivors (9216K)
 Metaspace       used 21310K, committed 21504K, reserved 1114112K
  class space    used 2598K, committed 2688K, reserved 1048576K
}
Event: 6.177 GC heap after
{Heap after GC invocations=4 (full 0):
 garbage-first heap   total 131072K, used 15029K [0x0000000081e00000, 0x0000000100000000)
  region size 1024K, 3 young (3072K), 3 survivors (3072K)
 Metaspace       used 21310K, committed 21504K, reserved 1114112K
  class space    used 2598K, committed 2688K, reserved 1048576K
}
Event: 7.222 GC heap before
{Heap before GC invocations=5 (full 0):
 garbage-first heap   total 55296K, used 44725K [0x0000000081e00000, 0x0000000100000000)
  region size 1024K, 32 young (32768K), 3 survivors (3072K)
 Metaspace       used 23480K, committed 23744K, reserved 1114112K
  class space    used 2808K, committed 2944K, reserved 1048576K
}
Event: 7.232 GC heap after
{Heap after GC invocations=6 (full 0):
 garbage-first heap   total 55296K, used 17652K [0x0000000081e00000, 0x0000000100000000)
  region size 1024K, 4 young (4096K), 4 survivors (4096K)
 Metaspace       used 23480K, committed 23744K, reserved 1114112K
  class space    used 2808K, committed 2944K, reserved 1048576K
}
Event: 7.249 GC heap before
{Heap before GC invocations=6 (full 0):
 garbage-first heap   total 55296K, used 18676K [0x0000000081e00000, 0x0000000100000000)
  region size 1024K, 5 young (5120K), 4 survivors (4096K)
 Metaspace       used 23489K, committed 23744K, reserved 1114112K
  class space    used 2808K, committed 2944K, reserved 1048576K
}
Event: 7.257 GC heap after
{Heap after GC invocations=7 (full 0):
 garbage-first heap   total 55296K, used 18662K [0x0000000081e00000, 0x0000000100000000)
  region size 1024K, 1 young (1024K), 1 survivors (1024K)
 Metaspace       used 23489K, committed 23744K, reserved 1114112K
  class space    used 2808K, committed 2944K, reserved 1048576K
}
Event: 7.532 GC heap before
{Heap before GC invocations=7 (full 0):
 garbage-first heap   total 55296K, used 39142K [0x0000000081e00000, 0x0000000100000000)
  region size 1024K, 21 young (21504K), 1 survivors (1024K)
 Metaspace       used 23703K, committed 23936K, reserved 1114112K
  class space    used 2811K, committed 2944K, reserved 1048576K
}
Event: 7.534 GC heap after
{Heap after GC invocations=8 (full 0):
 garbage-first heap   total 55296K, used 18921K [0x0000000081e00000, 0x0000000100000000)
  region size 1024K, 1 young (1024K), 1 survivors (1024K)
 Metaspace       used 23703K, committed 23936K, reserved 1114112K
  class space    used 2811K, committed 2944K, reserved 1048576K
}
Event: 7.720 GC heap before
{Heap before GC invocations=8 (full 0):
 garbage-first heap   total 55296K, used 40425K [0x0000000081e00000, 0x0000000100000000)
  region size 1024K, 22 young (22528K), 1 survivors (1024K)
 Metaspace       used 23897K, committed 24128K, reserved 1114112K
  class space    used 2817K, committed 2944K, reserved 1048576K
}
Event: 7.722 GC heap after
{Heap after GC invocations=9 (full 0):
 garbage-first heap   total 55296K, used 19495K [0x0000000081e00000, 0x0000000100000000)
  region size 1024K, 2 young (2048K), 2 survivors (2048K)
 Metaspace       used 23897K, committed 24128K, reserved 1114112K
  class space    used 2817K, committed 2944K, reserved 1048576K
}
Event: 8.008 GC heap before
{Heap before GC invocations=9 (full 0):
 garbage-first heap   total 55296K, used 40999K [0x0000000081e00000, 0x0000000100000000)
  region size 1024K, 23 young (23552K), 2 survivors (2048K)
 Metaspace       used 24089K, committed 24320K, reserved 1114112K
  class space    used 2818K, committed 2944K, reserved 1048576K
}
Event: 8.012 GC heap after
{Heap after GC invocations=10 (full 0):
 garbage-first heap   total 55296K, used 19590K [0x0000000081e00000, 0x0000000100000000)
  region size 1024K, 2 young (2048K), 2 survivors (2048K)
 Metaspace       used 24089K, committed 24320K, reserved 1114112K
  class space    used 2818K, committed 2944K, reserved 1048576K
}
Event: 8.568 GC heap before
{Heap before GC invocations=10 (full 0):
 garbage-first heap   total 55296K, used 42118K [0x0000000081e00000, 0x0000000100000000)
  region size 1024K, 24 young (24576K), 2 survivors (2048K)
 Metaspace       used 25158K, committed 25408K, reserved 1114112K
  class space    used 2935K, committed 3072K, reserved 1048576K
}
Event: 8.573 GC heap after
{Heap after GC invocations=11 (full 0):
 garbage-first heap   total 55296K, used 20753K [0x0000000081e00000, 0x0000000100000000)
  region size 1024K, 2 young (2048K), 2 survivors (2048K)
 Metaspace       used 25158K, committed 25408K, reserved 1114112K
  class space    used 2935K, committed 3072K, reserved 1048576K
}

